Determining if the pthread_create exist failed with the following output:
Change Dir: /home/martin/Documents/s/mspp/mspp/debug/CMakeFiles/CMakeTmp

Run Build Command:"/usr/bin/make" "cmTC_3527e/fast"
/usr/bin/make -f CMakeFiles/cmTC_3527e.dir/build.make CMakeFiles/cmTC_3527e.dir/build
make[1]: Entering directory '/home/martin/Documents/s/mspp/mspp/debug/CMakeFiles/CMakeTmp'
Building C object CMakeFiles/cmTC_3527e.dir/CheckSymbolExists.c.o
/usr/bin/cc     -o CMakeFiles/cmTC_3527e.dir/CheckSymbolExists.c.o   -c /home/martin/Documents/s/mspp/mspp/debug/CMakeFiles/CMakeTmp/CheckSymbolExists.c
Linking C executable cmTC_3527e
/usr/bin/cmake -E cmake_link_script CMakeFiles/cmTC_3527e.dir/link.txt --verbose=1
/usr/bin/cc       CMakeFiles/cmTC_3527e.dir/CheckSymbolExists.c.o  -o cmTC_3527e -rdynamic 
CMakeFiles/cmTC_3527e.dir/CheckSymbolExists.c.o: In function `main':
CheckSymbolExists.c:(.text+0x1b): undefined reference to `pthread_create'
collect2: error: ld returned 1 exit status
CMakeFiles/cmTC_3527e.dir/build.make:97: recipe for target 'cmTC_3527e' failed
make[1]: *** [cmTC_3527e] Error 1
make[1]: Leaving directory '/home/martin/Documents/s/mspp/mspp/debug/CMakeFiles/CMakeTmp'
Makefile:126: recipe for target 'cmTC_3527e/fast' failed
make: *** [cmTC_3527e/fast] Error 2

File /home/martin/Documents/s/mspp/mspp/debug/CMakeFiles/CMakeTmp/CheckSymbolExists.c:
/* */
#include <pthread.h>

int main(int argc, char** argv)
{
  (void)argv;
#ifndef pthread_create
  return ((int*)(&pthread_create))[argc];
#else
  (void)argc;
  return 0;
#endif
}

Determining if the function pthread_create exists in the pthreads failed with the following output:
Change Dir: /home/martin/Documents/s/mspp/mspp/debug/CMakeFiles/CMakeTmp

Run Build Command:"/usr/bin/make" "cmTC_030c9/fast"
/usr/bin/make -f CMakeFiles/cmTC_030c9.dir/build.make CMakeFiles/cmTC_030c9.dir/build
make[1]: Entering directory '/home/martin/Documents/s/mspp/mspp/debug/CMakeFiles/CMakeTmp'
Building C object CMakeFiles/cmTC_030c9.dir/CheckFunctionExists.c.o
/usr/bin/cc    -DCHECK_FUNCTION_EXISTS=pthread_create   -o CMakeFiles/cmTC_030c9.dir/CheckFunctionExists.c.o   -c /usr/share/cmake-3.7/Modules/CheckFunctionExists.c
Linking C executable cmTC_030c9
/usr/bin/cmake -E cmake_link_script CMakeFiles/cmTC_030c9.dir/link.txt --verbose=1
/usr/bin/cc   -DCHECK_FUNCTION_EXISTS=pthread_create    CMakeFiles/cmTC_030c9.dir/CheckFunctionExists.c.o  -o cmTC_030c9 -rdynamic -lpthreads 
/usr/bin/ld: cannot find -lpthreads
collect2: error: ld returned 1 exit status
CMakeFiles/cmTC_030c9.dir/build.make:97: recipe for target 'cmTC_030c9' failed
make[1]: *** [cmTC_030c9] Error 1
make[1]: Leaving directory '/home/martin/Documents/s/mspp/mspp/debug/CMakeFiles/CMakeTmp'
Makefile:126: recipe for target 'cmTC_030c9/fast' failed
make: *** [cmTC_030c9/fast] Error 2


